<?xml version="1.0" encoding="UTF-8"?>
<!-- Generated by org.testng.reporters.JUnitXMLReporter -->
<testsuite ignored="0" hostname="DESKTOP-TVL2B46" failures="0" tests="4" name="Myntra App Test" time="45.887" errors="0" timestamp="10 Jul 2019 18:02:56 GMT">
  <testcase classname="com.yntra.testcases.Myntra_Home_Test" name="searchSomeElement" time="3.446"/>
  <testcase classname="com.yntra.testcases.Myntra_Login_Test" name="verifyingTitle" time="0.016"/>
  <testcase classname="com.yntra.testcases.Myntra_Home_Test" name="clickOnMenTag" time="1.134"/>
  <testcase classname="com.yntra.testcases.Myntra_Login_Test" name="clickOnMyntraLogin" time="0.43"/>
</testsuite> <!-- Myntra App Test -->
