<?xml version="1.0" encoding="UTF-8"?>
<testng-results ignored="0" total="4" passed="4" failed="0" skipped="0">
  <reporter-output>
  </reporter-output>
  <suite started-at="2019-07-10T18:02:10Z" name="MyntraApplicationAutomationTestSuite" finished-at="2019-07-10T18:02:56Z" duration-ms="45887">
    <groups>
    </groups>
    <test started-at="2019-07-10T18:02:10Z" name="Myntra App Test" finished-at="2019-07-10T18:02:56Z" duration-ms="45887">
      <class name="com.yntra.testcases.Myntra_Home_Test">
        <test-method is-config="true" signature="setup()[pri:0, instance:com.yntra.testcases.Myntra_Home_Test@197d671]" started-at="2019-07-10T18:02:10Z" name="setup" finished-at="2019-07-10T18:02:20Z" duration-ms="9707" status="PASS">
          <reporter-output>
          </reporter-output>
        </test-method> <!-- setup -->
        <test-method signature="searchSomeElement()[pri:0, instance:com.yntra.testcases.Myntra_Home_Test@197d671]" started-at="2019-07-10T18:02:20Z" name="searchSomeElement" finished-at="2019-07-10T18:02:23Z" duration-ms="3446" status="PASS">
          <reporter-output>
          </reporter-output>
        </test-method> <!-- searchSomeElement -->
        <test-method is-config="true" signature="close()[pri:0, instance:com.yntra.testcases.Myntra_Home_Test@197d671]" started-at="2019-07-10T18:02:23Z" name="close" finished-at="2019-07-10T18:02:24Z" duration-ms="895" status="PASS">
          <reporter-output>
          </reporter-output>
        </test-method> <!-- close -->
        <test-method is-config="true" signature="setup()[pri:0, instance:com.yntra.testcases.Myntra_Home_Test@197d671]" started-at="2019-07-10T18:02:35Z" name="setup" finished-at="2019-07-10T18:02:44Z" duration-ms="9222" status="PASS">
          <reporter-output>
          </reporter-output>
        </test-method> <!-- setup -->
        <test-method signature="clickOnMenTag()[pri:1, instance:com.yntra.testcases.Myntra_Home_Test@197d671]" started-at="2019-07-10T18:02:44Z" name="clickOnMenTag" finished-at="2019-07-10T18:02:45Z" duration-ms="1134" status="PASS">
          <reporter-output>
          </reporter-output>
        </test-method> <!-- clickOnMenTag -->
        <test-method is-config="true" signature="close()[pri:0, instance:com.yntra.testcases.Myntra_Home_Test@197d671]" started-at="2019-07-10T18:02:45Z" name="close" finished-at="2019-07-10T18:02:46Z" duration-ms="660" status="PASS">
          <reporter-output>
          </reporter-output>
        </test-method> <!-- close -->
      </class> <!-- com.yntra.testcases.Myntra_Home_Test -->
      <class name="com.yntra.testcases.Myntra_Login_Test">
        <test-method is-config="true" signature="setup()[pri:0, instance:com.yntra.testcases.Myntra_Login_Test@27c86f2d]" started-at="2019-07-10T18:02:24Z" name="setup" finished-at="2019-07-10T18:02:34Z" duration-ms="9744" status="PASS">
          <reporter-output>
          </reporter-output>
        </test-method> <!-- setup -->
        <test-method signature="verifyingTitle()[pri:1, instance:com.yntra.testcases.Myntra_Login_Test@27c86f2d]" started-at="2019-07-10T18:02:34Z" name="verifyingTitle" finished-at="2019-07-10T18:02:34Z" duration-ms="16" status="PASS">
          <reporter-output>
          </reporter-output>
        </test-method> <!-- verifyingTitle -->
        <test-method is-config="true" signature="close()[pri:0, instance:com.yntra.testcases.Myntra_Login_Test@27c86f2d]" started-at="2019-07-10T18:02:34Z" name="close" finished-at="2019-07-10T18:02:35Z" duration-ms="687" status="PASS">
          <reporter-output>
          </reporter-output>
        </test-method> <!-- close -->
        <test-method is-config="true" signature="setup()[pri:0, instance:com.yntra.testcases.Myntra_Login_Test@27c86f2d]" started-at="2019-07-10T18:02:46Z" name="setup" finished-at="2019-07-10T18:02:55Z" duration-ms="9171" status="PASS">
          <reporter-output>
          </reporter-output>
        </test-method> <!-- setup -->
        <test-method signature="clickOnMyntraLogin()[pri:2, instance:com.yntra.testcases.Myntra_Login_Test@27c86f2d]" started-at="2019-07-10T18:02:55Z" name="clickOnMyntraLogin" finished-at="2019-07-10T18:02:55Z" duration-ms="430" status="PASS">
          <reporter-output>
          </reporter-output>
        </test-method> <!-- clickOnMyntraLogin -->
        <test-method is-config="true" signature="close()[pri:0, instance:com.yntra.testcases.Myntra_Login_Test@27c86f2d]" started-at="2019-07-10T18:02:55Z" name="close" finished-at="2019-07-10T18:02:56Z" duration-ms="739" status="PASS">
          <reporter-output>
          </reporter-output>
        </test-method> <!-- close -->
      </class> <!-- com.yntra.testcases.Myntra_Login_Test -->
    </test> <!-- Myntra App Test -->
  </suite> <!-- MyntraApplicationAutomationTestSuite -->
</testng-results>
